{"C:\\Users\\HP\\Documents\\Json\\postgres\\Movie-Search-using-REST-API\\controllers\\index.js": {"path":"C:\\Users\\HP\\Documents\\Json\\postgres\\Movie-Search-using-REST-API\\controllers\\index.js","statementMap":{"0":{"start":{"line":1,"column":15},"end":{"line":1,"column":44}},"1":{"start":{"line":3,"column":20},"end":{"line":12,"column":1}},"2":{"start":{"line":4,"column":2},"end":{"line":11,"column":3}},"3":{"start":{"line":5,"column":18},"end":{"line":5,"column":54}},"4":{"start":{"line":6,"column":4},"end":{"line":8,"column":7}},"5":{"start":{"line":10,"column":4},"end":{"line":10,"column":58}},"6":{"start":{"line":13,"column":21},"end":{"line":37,"column":1}},"7":{"start":{"line":14,"column":2},"end":{"line":36,"column":3}},"8":{"start":{"line":15,"column":22},"end":{"line":17,"column":10}},"9":{"start":{"line":18,"column":23},"end":{"line":18,"column":58}},"10":{"start":{"line":19,"column":17},"end":{"line":19,"column":53}},"11":{"start":{"line":20,"column":25},"end":{"line":27,"column":10}},"12":{"start":{"line":28,"column":19},"end":{"line":31,"column":6}},"13":{"start":{"line":33,"column":4},"end":{"line":33,"column":44}},"14":{"start":{"line":35,"column":4},"end":{"line":35,"column":47}},"15":{"start":{"line":39,"column":26},"end":{"line":53,"column":1}},"16":{"start":{"line":40,"column":2},"end":{"line":52,"column":3}},"17":{"start":{"line":41,"column":19},"end":{"line":48,"column":6}},"18":{"start":{"line":49,"column":4},"end":{"line":49,"column":44}},"19":{"start":{"line":51,"column":4},"end":{"line":51,"column":47}},"20":{"start":{"line":55,"column":21},"end":{"line":74,"column":1}},"21":{"start":{"line":56,"column":2},"end":{"line":73,"column":3}},"22":{"start":{"line":57,"column":24},"end":{"line":57,"column":34}},"23":{"start":{"line":58,"column":18},"end":{"line":66,"column":6}},"24":{"start":{"line":67,"column":4},"end":{"line":69,"column":5}},"25":{"start":{"line":68,"column":6},"end":{"line":68,"column":45}},"26":{"start":{"line":70,"column":4},"end":{"line":70,"column":75}},"27":{"start":{"line":72,"column":4},"end":{"line":72,"column":47}},"28":{"start":{"line":76,"column":20},"end":{"line":92,"column":1}},"29":{"start":{"line":77,"column":2},"end":{"line":91,"column":3}},"30":{"start":{"line":78,"column":24},"end":{"line":78,"column":34}},"31":{"start":{"line":79,"column":22},"end":{"line":81,"column":6}},"32":{"start":{"line":82,"column":4},"end":{"line":87,"column":5}},"33":{"start":{"line":83,"column":27},"end":{"line":85,"column":8}},"34":{"start":{"line":86,"column":6},"end":{"line":86,"column":59}},"35":{"start":{"line":88,"column":4},"end":{"line":88,"column":39}},"36":{"start":{"line":90,"column":4},"end":{"line":90,"column":47}},"37":{"start":{"line":93,"column":20},"end":{"line":106,"column":1}},"38":{"start":{"line":94,"column":2},"end":{"line":105,"column":3}},"39":{"start":{"line":95,"column":24},"end":{"line":95,"column":34}},"40":{"start":{"line":96,"column":20},"end":{"line":98,"column":6}},"41":{"start":{"line":99,"column":4},"end":{"line":101,"column":5}},"42":{"start":{"line":100,"column":6},"end":{"line":100,"column":51}},"43":{"start":{"line":102,"column":4},"end":{"line":102,"column":39}},"44":{"start":{"line":104,"column":4},"end":{"line":104,"column":47}},"45":{"start":{"line":110,"column":19},"end":{"line":119,"column":1}},"46":{"start":{"line":111,"column":2},"end":{"line":118,"column":3}},"47":{"start":{"line":112,"column":17},"end":{"line":112,"column":52}},"48":{"start":{"line":113,"column":4},"end":{"line":115,"column":7}},"49":{"start":{"line":117,"column":4},"end":{"line":117,"column":58}},"50":{"start":{"line":121,"column":21},"end":{"line":151,"column":1}},"51":{"start":{"line":122,"column":2},"end":{"line":150,"column":3}},"52":{"start":{"line":123,"column":19},"end":{"line":123,"column":29}},"53":{"start":{"line":124,"column":17},"end":{"line":143,"column":6}},"54":{"start":{"line":144,"column":4},"end":{"line":146,"column":5}},"55":{"start":{"line":145,"column":6},"end":{"line":145,"column":44}},"56":{"start":{"line":147,"column":4},"end":{"line":147,"column":52}},"57":{"start":{"line":149,"column":4},"end":{"line":149,"column":47}},"58":{"start":{"line":153,"column":20},"end":{"line":172,"column":1}},"59":{"start":{"line":154,"column":2},"end":{"line":171,"column":3}},"60":{"start":{"line":155,"column":19},"end":{"line":155,"column":29}},"61":{"start":{"line":156,"column":17},"end":{"line":164,"column":6}},"62":{"start":{"line":165,"column":4},"end":{"line":167,"column":5}},"63":{"start":{"line":166,"column":6},"end":{"line":166,"column":44}},"64":{"start":{"line":168,"column":4},"end":{"line":168,"column":74}},"65":{"start":{"line":170,"column":4},"end":{"line":170,"column":47}},"66":{"start":{"line":174,"column":19},"end":{"line":190,"column":1}},"67":{"start":{"line":175,"column":2},"end":{"line":189,"column":3}},"68":{"start":{"line":176,"column":19},"end":{"line":176,"column":29}},"69":{"start":{"line":177,"column":22},"end":{"line":179,"column":6}},"70":{"start":{"line":180,"column":4},"end":{"line":185,"column":5}},"71":{"start":{"line":181,"column":26},"end":{"line":183,"column":8}},"72":{"start":{"line":184,"column":6},"end":{"line":184,"column":57}},"73":{"start":{"line":186,"column":4},"end":{"line":186,"column":38}},"74":{"start":{"line":188,"column":4},"end":{"line":188,"column":47}},"75":{"start":{"line":192,"column":19},"end":{"line":205,"column":1}},"76":{"start":{"line":193,"column":2},"end":{"line":204,"column":3}},"77":{"start":{"line":194,"column":19},"end":{"line":194,"column":29}},"78":{"start":{"line":195,"column":20},"end":{"line":197,"column":6}},"79":{"start":{"line":198,"column":4},"end":{"line":200,"column":5}},"80":{"start":{"line":199,"column":6},"end":{"line":199,"column":50}},"81":{"start":{"line":201,"column":4},"end":{"line":201,"column":38}},"82":{"start":{"line":203,"column":4},"end":{"line":203,"column":47}},"83":{"start":{"line":207,"column":0},"end":{"line":219,"column":2}}},"fnMap":{"0":{"name":"(anonymous_0)","decl":{"start":{"line":3,"column":20},"end":{"line":3,"column":21}},"loc":{"start":{"line":3,"column":40},"end":{"line":12,"column":1}},"line":3},"1":{"name":"(anonymous_1)","decl":{"start":{"line":13,"column":21},"end":{"line":13,"column":22}},"loc":{"start":{"line":13,"column":41},"end":{"line":37,"column":1}},"line":13},"2":{"name":"(anonymous_2)","decl":{"start":{"line":39,"column":26},"end":{"line":39,"column":27}},"loc":{"start":{"line":39,"column":46},"end":{"line":53,"column":1}},"line":39},"3":{"name":"(anonymous_3)","decl":{"start":{"line":55,"column":21},"end":{"line":55,"column":22}},"loc":{"start":{"line":55,"column":41},"end":{"line":74,"column":1}},"line":55},"4":{"name":"(anonymous_4)","decl":{"start":{"line":76,"column":20},"end":{"line":76,"column":21}},"loc":{"start":{"line":76,"column":40},"end":{"line":92,"column":1}},"line":76},"5":{"name":"(anonymous_5)","decl":{"start":{"line":93,"column":20},"end":{"line":93,"column":21}},"loc":{"start":{"line":93,"column":40},"end":{"line":106,"column":1}},"line":93},"6":{"name":"(anonymous_6)","decl":{"start":{"line":110,"column":19},"end":{"line":110,"column":20}},"loc":{"start":{"line":110,"column":39},"end":{"line":119,"column":1}},"line":110},"7":{"name":"(anonymous_7)","decl":{"start":{"line":121,"column":21},"end":{"line":121,"column":22}},"loc":{"start":{"line":121,"column":41},"end":{"line":151,"column":1}},"line":121},"8":{"name":"(anonymous_8)","decl":{"start":{"line":153,"column":20},"end":{"line":153,"column":21}},"loc":{"start":{"line":153,"column":40},"end":{"line":172,"column":1}},"line":153},"9":{"name":"(anonymous_9)","decl":{"start":{"line":174,"column":19},"end":{"line":174,"column":20}},"loc":{"start":{"line":174,"column":39},"end":{"line":190,"column":1}},"line":174},"10":{"name":"(anonymous_10)","decl":{"start":{"line":192,"column":19},"end":{"line":192,"column":20}},"loc":{"start":{"line":192,"column":39},"end":{"line":205,"column":1}},"line":192}},"branchMap":{"0":{"loc":{"start":{"line":15,"column":22},"end":{"line":17,"column":10}},"type":"cond-expr","locations":[{"start":{"line":16,"column":8},"end":{"line":16,"column":42}},{"start":{"line":17,"column":8},"end":{"line":17,"column":10}}],"line":15},"1":{"loc":{"start":{"line":18,"column":23},"end":{"line":18,"column":58}},"type":"cond-expr","locations":[{"start":{"line":18,"column":40},"end":{"line":18,"column":54}},{"start":{"line":18,"column":57},"end":{"line":18,"column":58}}],"line":18},"2":{"loc":{"start":{"line":19,"column":17},"end":{"line":19,"column":53}},"type":"cond-expr","locations":[{"start":{"line":19,"column":34},"end":{"line":19,"column":48}},{"start":{"line":19,"column":51},"end":{"line":19,"column":53}}],"line":19},"3":{"loc":{"start":{"line":20,"column":25},"end":{"line":27,"column":10}},"type":"cond-expr","locations":[{"start":{"line":21,"column":8},"end":{"line":26,"column":9}},{"start":{"line":27,"column":8},"end":{"line":27,"column":10}}],"line":20},"4":{"loc":{"start":{"line":67,"column":4},"end":{"line":69,"column":5}},"type":"if","locations":[{"start":{"line":67,"column":4},"end":{"line":69,"column":5}},{"start":{"line":67,"column":4},"end":{"line":69,"column":5}}],"line":67},"5":{"loc":{"start":{"line":82,"column":4},"end":{"line":87,"column":5}},"type":"if","locations":[{"start":{"line":82,"column":4},"end":{"line":87,"column":5}},{"start":{"line":82,"column":4},"end":{"line":87,"column":5}}],"line":82},"6":{"loc":{"start":{"line":99,"column":4},"end":{"line":101,"column":5}},"type":"if","locations":[{"start":{"line":99,"column":4},"end":{"line":101,"column":5}},{"start":{"line":99,"column":4},"end":{"line":101,"column":5}}],"line":99},"7":{"loc":{"start":{"line":144,"column":4},"end":{"line":146,"column":5}},"type":"if","locations":[{"start":{"line":144,"column":4},"end":{"line":146,"column":5}},{"start":{"line":144,"column":4},"end":{"line":146,"column":5}}],"line":144},"8":{"loc":{"start":{"line":165,"column":4},"end":{"line":167,"column":5}},"type":"if","locations":[{"start":{"line":165,"column":4},"end":{"line":167,"column":5}},{"start":{"line":165,"column":4},"end":{"line":167,"column":5}}],"line":165},"9":{"loc":{"start":{"line":180,"column":4},"end":{"line":185,"column":5}},"type":"if","locations":[{"start":{"line":180,"column":4},"end":{"line":185,"column":5}},{"start":{"line":180,"column":4},"end":{"line":185,"column":5}}],"line":180},"10":{"loc":{"start":{"line":198,"column":4},"end":{"line":200,"column":5}},"type":"if","locations":[{"start":{"line":198,"column":4},"end":{"line":200,"column":5}},{"start":{"line":198,"column":4},"end":{"line":200,"column":5}}],"line":198}},"s":{"0":1,"1":1,"2":1,"3":1,"4":1,"5":0,"6":1,"7":0,"8":0,"9":0,"10":0,"11":0,"12":0,"13":0,"14":0,"15":1,"16":0,"17":0,"18":0,"19":0,"20":1,"21":0,"22":0,"23":0,"24":0,"25":0,"26":0,"27":0,"28":1,"29":0,"30":0,"31":0,"32":0,"33":0,"34":0,"35":0,"36":0,"37":1,"38":0,"39":0,"40":0,"41":0,"42":0,"43":0,"44":0,"45":1,"46":0,"47":0,"48":0,"49":0,"50":1,"51":0,"52":0,"53":0,"54":0,"55":0,"56":0,"57":0,"58":1,"59":0,"60":0,"61":0,"62":0,"63":0,"64":0,"65":0,"66":1,"67":0,"68":0,"69":0,"70":0,"71":0,"72":0,"73":0,"74":0,"75":1,"76":0,"77":0,"78":0,"79":0,"80":0,"81":0,"82":0,"83":1},"f":{"0":1,"1":0,"2":0,"3":0,"4":0,"5":0,"6":0,"7":0,"8":0,"9":0,"10":0},"b":{"0":[0,0],"1":[0,0],"2":[0,0],"3":[0,0],"4":[0,0],"5":[0,0],"6":[0,0],"7":[0,0],"8":[0,0],"9":[0,0],"10":[0,0]},"_coverageSchema":"1a1c01bbd47fc00a2c39e90264f33305004495a9","hash":"e085b62295e0dff4e922b066dd06afbcbdc63c38"}
,"C:\\Users\\HP\\Documents\\Json\\postgres\\Movie-Search-using-REST-API\\database\\models\\index.js": {"path":"C:\\Users\\HP\\Documents\\Json\\postgres\\Movie-Search-using-REST-API\\database\\models\\index.js","statementMap":{"0":{"start":{"line":3,"column":11},"end":{"line":3,"column":24}},"1":{"start":{"line":4,"column":13},"end":{"line":4,"column":28}},"2":{"start":{"line":5,"column":18},"end":{"line":5,"column":38}},"3":{"start":{"line":6,"column":17},"end":{"line":6,"column":42}},"4":{"start":{"line":7,"column":12},"end":{"line":7,"column":49}},"5":{"start":{"line":8,"column":15},"end":{"line":8,"column":65}},"6":{"start":{"line":9,"column":11},"end":{"line":9,"column":13}},"7":{"start":{"line":12,"column":0},"end":{"line":16,"column":1}},"8":{"start":{"line":13,"column":2},"end":{"line":13,"column":74}},"9":{"start":{"line":15,"column":2},"end":{"line":15,"column":87}},"10":{"start":{"line":18,"column":0},"end":{"line":26,"column":5}},"11":{"start":{"line":21,"column":4},"end":{"line":21,"column":90}},"12":{"start":{"line":24,"column":18},"end":{"line":24,"column":85}},"13":{"start":{"line":25,"column":4},"end":{"line":25,"column":27}},"14":{"start":{"line":28,"column":0},"end":{"line":32,"column":3}},"15":{"start":{"line":29,"column":2},"end":{"line":31,"column":3}},"16":{"start":{"line":30,"column":4},"end":{"line":30,"column":32}},"17":{"start":{"line":34,"column":0},"end":{"line":34,"column":25}},"18":{"start":{"line":35,"column":0},"end":{"line":35,"column":25}},"19":{"start":{"line":37,"column":0},"end":{"line":37,"column":20}}},"fnMap":{"0":{"name":"(anonymous_0)","decl":{"start":{"line":20,"column":10},"end":{"line":20,"column":11}},"loc":{"start":{"line":20,"column":18},"end":{"line":22,"column":3}},"line":20},"1":{"name":"(anonymous_1)","decl":{"start":{"line":23,"column":11},"end":{"line":23,"column":12}},"loc":{"start":{"line":23,"column":19},"end":{"line":26,"column":3}},"line":23},"2":{"name":"(anonymous_2)","decl":{"start":{"line":28,"column":24},"end":{"line":28,"column":25}},"loc":{"start":{"line":28,"column":37},"end":{"line":32,"column":1}},"line":28}},"branchMap":{"0":{"loc":{"start":{"line":7,"column":12},"end":{"line":7,"column":49}},"type":"binary-expr","locations":[{"start":{"line":7,"column":12},"end":{"line":7,"column":32}},{"start":{"line":7,"column":36},"end":{"line":7,"column":49}}],"line":7},"1":{"loc":{"start":{"line":12,"column":0},"end":{"line":16,"column":1}},"type":"if","locations":[{"start":{"line":12,"column":0},"end":{"line":16,"column":1}},{"start":{"line":12,"column":0},"end":{"line":16,"column":1}}],"line":12},"2":{"loc":{"start":{"line":21,"column":11},"end":{"line":21,"column":89}},"type":"binary-expr","locations":[{"start":{"line":21,"column":12},"end":{"line":21,"column":35}},{"start":{"line":21,"column":41},"end":{"line":21,"column":58}},{"start":{"line":21,"column":64},"end":{"line":21,"column":88}}],"line":21},"3":{"loc":{"start":{"line":29,"column":2},"end":{"line":31,"column":3}},"type":"if","locations":[{"start":{"line":29,"column":2},"end":{"line":31,"column":3}},{"start":{"line":29,"column":2},"end":{"line":31,"column":3}}],"line":29}},"s":{"0":1,"1":1,"2":1,"3":1,"4":1,"5":1,"6":1,"7":1,"8":0,"9":1,"10":1,"11":3,"12":2,"13":2,"14":1,"15":2,"16":2,"17":1,"18":1,"19":1},"f":{"0":3,"1":2,"2":2},"b":{"0":[1,0],"1":[0,1],"2":[3,3,2],"3":[2,0]},"_coverageSchema":"1a1c01bbd47fc00a2c39e90264f33305004495a9","hash":"e9d9be827b3b0939657068c2d0b12a454f80b519"}
,"C:\\Users\\HP\\Documents\\Json\\postgres\\Movie-Search-using-REST-API\\database\\models\\movies.js": {"path":"C:\\Users\\HP\\Documents\\Json\\postgres\\Movie-Search-using-REST-API\\database\\models\\movies.js","statementMap":{"0":{"start":{"line":2,"column":0},"end":{"line":27,"column":2}},"1":{"start":{"line":3,"column":17},"end":{"line":17,"column":3}},"2":{"start":{"line":18,"column":2},"end":{"line":25,"column":4}},"3":{"start":{"line":20,"column":4},"end":{"line":24,"column":7}},"4":{"start":{"line":26,"column":2},"end":{"line":26,"column":16}}},"fnMap":{"0":{"name":"(anonymous_0)","decl":{"start":{"line":2,"column":17},"end":{"line":2,"column":18}},"loc":{"start":{"line":2,"column":43},"end":{"line":27,"column":1}},"line":2},"1":{"name":"(anonymous_1)","decl":{"start":{"line":18,"column":21},"end":{"line":18,"column":22}},"loc":{"start":{"line":18,"column":39},"end":{"line":25,"column":3}},"line":18}},"branchMap":{},"s":{"0":1,"1":1,"2":1,"3":1,"4":1},"f":{"0":1,"1":1},"b":{},"_coverageSchema":"1a1c01bbd47fc00a2c39e90264f33305004495a9","hash":"8b768ce471eaa1d00b844c685892c74c7af8566b"}
,"C:\\Users\\HP\\Documents\\Json\\postgres\\Movie-Search-using-REST-API\\database\\models\\user.js": {"path":"C:\\Users\\HP\\Documents\\Json\\postgres\\Movie-Search-using-REST-API\\database\\models\\user.js","statementMap":{"0":{"start":{"line":2,"column":0},"end":{"line":21,"column":2}},"1":{"start":{"line":3,"column":16},"end":{"line":11,"column":3}},"2":{"start":{"line":12,"column":2},"end":{"line":19,"column":4}},"3":{"start":{"line":14,"column":4},"end":{"line":18,"column":7}},"4":{"start":{"line":20,"column":2},"end":{"line":20,"column":15}}},"fnMap":{"0":{"name":"(anonymous_0)","decl":{"start":{"line":2,"column":17},"end":{"line":2,"column":18}},"loc":{"start":{"line":2,"column":43},"end":{"line":21,"column":1}},"line":2},"1":{"name":"(anonymous_1)","decl":{"start":{"line":12,"column":20},"end":{"line":12,"column":21}},"loc":{"start":{"line":12,"column":38},"end":{"line":19,"column":3}},"line":12}},"branchMap":{},"s":{"0":1,"1":1,"2":1,"3":1,"4":1},"f":{"0":1,"1":1},"b":{},"_coverageSchema":"1a1c01bbd47fc00a2c39e90264f33305004495a9","hash":"3d877b050a5a9bdc2d03d19a6959d3a8760e4125"}
,"C:\\Users\\HP\\Documents\\Json\\postgres\\Movie-Search-using-REST-API\\routes\\index.js": {"path":"C:\\Users\\HP\\Documents\\Json\\postgres\\Movie-Search-using-REST-API\\routes\\index.js","statementMap":{"0":{"start":{"line":1,"column":19},"end":{"line":1,"column":37}},"1":{"start":{"line":2,"column":20},"end":{"line":2,"column":45}},"2":{"start":{"line":4,"column":15},"end":{"line":4,"column":23}},"3":{"start":{"line":6,"column":0},"end":{"line":6,"column":51}},"4":{"start":{"line":6,"column":30},"end":{"line":6,"column":49}},"5":{"start":{"line":8,"column":0},"end":{"line":8,"column":47}},"6":{"start":{"line":9,"column":0},"end":{"line":9,"column":48}},"7":{"start":{"line":10,"column":0},"end":{"line":10,"column":56}},"8":{"start":{"line":11,"column":0},"end":{"line":11,"column":56}},"9":{"start":{"line":12,"column":0},"end":{"line":12,"column":55}},"10":{"start":{"line":13,"column":0},"end":{"line":13,"column":58}},"11":{"start":{"line":15,"column":0},"end":{"line":15,"column":45}},"12":{"start":{"line":16,"column":0},"end":{"line":16,"column":49}},"13":{"start":{"line":17,"column":0},"end":{"line":17,"column":60}},"14":{"start":{"line":18,"column":0},"end":{"line":18,"column":48}},"15":{"start":{"line":19,"column":0},"end":{"line":19,"column":51}},"16":{"start":{"line":21,"column":0},"end":{"line":21,"column":24}}},"fnMap":{"0":{"name":"(anonymous_0)","decl":{"start":{"line":6,"column":16},"end":{"line":6,"column":17}},"loc":{"start":{"line":6,"column":30},"end":{"line":6,"column":49}},"line":6}},"branchMap":{},"s":{"0":1,"1":1,"2":1,"3":1,"4":0,"5":1,"6":1,"7":1,"8":1,"9":1,"10":1,"11":1,"12":1,"13":1,"14":1,"15":1,"16":1},"f":{"0":0},"b":{},"_coverageSchema":"1a1c01bbd47fc00a2c39e90264f33305004495a9","hash":"09ec5254948cff1ae7f2398e982efa4b0da6bd0a"}
,"C:\\Users\\HP\\Documents\\Json\\postgres\\Movie-Search-using-REST-API\\server\\index.js": {"path":"C:\\Users\\HP\\Documents\\Json\\postgres\\Movie-Search-using-REST-API\\server\\index.js","statementMap":{"0":{"start":{"line":1,"column":16},"end":{"line":1,"column":34}},"1":{"start":{"line":2,"column":15},"end":{"line":2,"column":35}},"2":{"start":{"line":4,"column":15},"end":{"line":4,"column":24}},"3":{"start":{"line":5,"column":0},"end":{"line":5,"column":27}},"4":{"start":{"line":7,"column":0},"end":{"line":7,"column":27}},"5":{"start":{"line":9,"column":0},"end":{"line":9,"column":24}}},"fnMap":{},"branchMap":{},"s":{"0":1,"1":1,"2":1,"3":1,"4":1,"5":1},"f":{},"b":{},"_coverageSchema":"1a1c01bbd47fc00a2c39e90264f33305004495a9","hash":"80584a1192ef3d2d6073493691796efaa79db117"}
}
